<?xml version="1.0" encoding="UTF-8"?>
<testsuite xmlns:xsi="http://www.w3.org/2001/XMLSchema-instance" xsi:noNamespaceSchemaLocation="https://maven.apache.org/surefire/maven-surefire-plugin/xsd/surefire-test-report.xsd" version="3.0.2" name="com.moneta.moneta_backend.MonetaBackendApplicationTests" time="11.666" tests="1" errors="0" skipped="0" failures="0">
  <properties>
[...]
</properties>
  <testcase name="contextLoads" classname="com.moneta.moneta_backend.MonetaBackendApplicationTests" time="0.38">
    <system-out><![CDATA[06:45:30.051 [main] INFO org.springframework.test.context.support.AnnotationConfigContextLoaderUtils -- Could not detect default configuration classes for test class [com.moneta.moneta_backend.MonetaBackendApplicationTests]: MonetaBackendApplicationTests does not declare any static, non-private, non-final, nested classes annotated with @Configuration.
06:45:30.149 [main] INFO org.springframework.boot.test.context.SpringBootTestContextBootstrapper -- Found @SpringBootConfiguration com.moneta.moneta_backend.MonetaBackendApplication for test class com.moneta.moneta_backend.MonetaBackendApplicationTests
2026-03-19T06:45:30.488+01:00  INFO 25212 --- [           main] c.m.m.MonetaBackendApplicationTests      : Starting MonetaBackendApplicationTests using Java 25.0.2 with PID 25212 (started by Alpha in C:\Users\Alpha\eclipse-workspace\moneta-backend)
2026-03-19T06:45:30.490+01:00  INFO 25212 --- [           main] c.m.m.MonetaBackendApplicationTests      : No active profile set, falling back to 1 default profile: "default"
2026-03-19T06:45:31.913+01:00  INFO 25212 --- [           main] .s.d.r.c.RepositoryConfigurationDelegate : Bootstrapping Spring Data JPA repositories in DEFAULT mode.
2026-03-19T06:45:32.100+01:00  INFO 25212 --- [           main] .s.d.r.c.RepositoryConfigurationDelegate : Finished Spring Data repository scanning in 179 ms. Found 2 JPA repository interfaces.
2026-03-19T06:45:33.228+01:00  INFO 25212 --- [           main] org.hibernate.orm.jpa                    : HHH008540: Processing PersistenceUnitInfo [name: default]
2026-03-19T06:45:33.420+01:00  INFO 25212 --- [           main] org.hibernate.orm.core                   : HHH000001: Hibernate ORM core version 7.2.4.Final
2026-03-19T06:45:34.513+01:00  INFO 25212 --- [           main] o.s.o.j.p.SpringPersistenceUnitInfo      : No LoadTimeWeaver setup: ignoring JPA class transformer
2026-03-19T06:45:34.659+01:00  INFO 25212 --- [           main] com.zaxxer.hikari.HikariDataSource       : HikariPool-1 - Starting...
2026-03-19T06:45:34.850+01:00  INFO 25212 --- [           main] com.zaxxer.hikari.pool.HikariPool        : HikariPool-1 - Added connection org.mariadb.jdbc.Connection@6949cead
2026-03-19T06:45:34.851+01:00  INFO 25212 --- [           main] com.zaxxer.hikari.HikariDataSource       : HikariPool-1 - Start completed.
2026-03-19T06:45:34.922+01:00  WARN 25212 --- [           main] org.hibernate.orm.deprecation            : HHH90000025: MariaDBDialect does not need to be specified explicitly using 'hibernate.dialect' (remove the property setting and it will be selected by default)
2026-03-19T06:45:34.965+01:00  INFO 25212 --- [           main] org.hibernate.orm.connections.pooling    : HHH10001005: Database info:
	Database JDBC URL [jdbc:mariadb://localhost/moneta_db?user=root&password=***]
	Database driver: MariaDB Connector/J
	Database dialect: MariaDBDialect
	Database version: 12.2.2
	Default catalog/schema: moneta_db/undefined
	Autocommit mode: undefined/unknown
	Isolation level: REPEATABLE_READ [default REPEATABLE_READ]
	JDBC fetch size: none
	Pool: DataSourceConnectionProvider
	Minimum pool size: undefined/unknown
	Maximum pool size: undefined/unknown
2026-03-19T06:45:39.011+01:00  INFO 25212 --- [           main] org.hibernate.orm.core                   : HHH000489: No JTA platform available (set 'hibernate.transaction.jta.platform' to enable JTA platform integration)
2026-03-19T06:45:39.308+01:00  INFO 25212 --- [           main] j.LocalContainerEntityManagerFactoryBean : Initialized JPA EntityManagerFactory for persistence unit 'default'
2026-03-19T06:45:39.646+01:00  INFO 25212 --- [           main] o.s.d.j.r.query.QueryEnhancerFactories   : Hibernate is in classpath; If applicable, HQL parser will be used.
2026-03-19T06:45:40.549+01:00  WARN 25212 --- [           main] JpaBaseConfiguration$JpaWebConfiguration : spring.jpa.open-in-view is enabled by default. Therefore, database queries may be performed during view rendering. Explicitly configure spring.jpa.open-in-view to disable this warning
2026-03-19T06:45:40.777+01:00  WARN 25212 --- [           main] .s.a.UserDetailsServiceAutoConfiguration : 

Using generated security password: 335de540-b19a-4053-93bd-0af733535ad6

This generated password is for development use only. Your security configuration must be updated before running your application in production.

2026-03-19T06:45:40.783+01:00  INFO 25212 --- [           main] r$InitializeUserDetailsManagerConfigurer : Global AuthenticationManager configured with UserDetailsService bean with name inMemoryUserDetailsManager
2026-03-19T06:45:41.174+01:00  INFO 25212 --- [           main] c.m.m.MonetaBackendApplicationTests      : Started MonetaBackendApplicationTests in 10.895 seconds (process running for 12.089)
]]></system-out>
    <system-err><![CDATA[Mockito is currently self-attaching to enable the inline-mock-maker. This will no longer work in future releases of the JDK. Please add Mockito as an agent to your build as described in Mockito's documentation: https://javadoc.io/doc/org.mockito/mockito-core/latest/org.mockito/org/mockito/Mockito.html#0.3
WARNING: A Java agent has been loaded dynamically (C:\Users\Alpha\.m2\repository\net\bytebuddy\byte-buddy-agent\1.17.8\byte-buddy-agent-1.17.8.jar)
WARNING: If a serviceability tool is in use, please run with -XX:+EnableDynamicAgentLoading to hide this warning
WARNING: If a serviceability tool is not in use, please run with -Djdk.instrument.traceUsage for more information
WARNING: Dynamic loading of agents will be disallowed by default in a future release
]]></system-err>
  </testcase>
</testsuite>